INFO 2022-06-01 11:52:36,943 signals 112 140207879853824 Расылка id 118 создана
INFO 2022-06-01 11:52:36,947 signals 112 140207879853824 Задача с рассылкой 118 поставлена
INFO 2022-06-01 11:52:37,049 tasks 35 140518734874432 Задача с рассылкой id 118 запущена
INFO 2022-06-01 11:52:37,094 tasks 35 140518734874432 Начинаем создание сообщений рассылки id 118
INFO 2022-06-01 11:52:37,241 services 35 140518734874432 Рассылка id 118 - Создаем сообщения
INFO 2022-06-01 11:52:37,271 signals 35 140518734874432 Сообщение id 182 создано
INFO 2022-06-01 11:52:37,296 signals 35 140518734874432 Сообщение id 183 создано
INFO 2022-06-01 11:52:37,314 signals 35 140518734874432 Сообщение id 184 создано
INFO 2022-06-01 11:52:37,329 signals 35 140518734874432 Сообщение id 185 создано
INFO 2022-06-01 11:52:37,341 services 35 140518734874432 Рассылка id 118 - Создание сообщений завершено
INFO 2022-06-01 11:52:37,374 tasks 35 140518734874432 Ставим задачи на отправку сообщений <QuerySet [<Message: 182-Рассылка №102 (2022-06-01 08:52:26+00:00-2022-06-01 15:00:00+00:00)-79101200020 [sending]>, <Message: 183-Рассылка №102 (2022-06-01 08:52:26+00:00-2022-06-01 15:00:00+00:00)-79998887766 [sending]>, <Message: 184-Рассылка №102 (2022-06-01 08:52:26+00:00-2022-06-01 15:00:00+00:00)-79998887762 [sending]>, <Message: 185-Рассылка №102 (2022-06-01 08:52:26+00:00-2022-06-01 15:00:00+00:00)-79998887763 [sending]>]>
INFO 2022-06-01 11:52:37,401 tasks 35 140518734874432 Задача с рассылкой id 118 завершена
INFO 2022-06-01 11:52:37,417 tasks 34 140518734874432 Сообщение 182 - готовится к отправке
INFO 2022-06-01 11:52:37,495 tasks 35 140518734874432 Сообщение 183 - готовится к отправке
INFO 2022-06-01 11:52:37,566 services 35 140518734874432 Сообщение id 183 готово к отправке
INFO 2022-06-01 11:52:37,559 services 34 140518734874432 Сообщение id 182 готово к отправке
INFO 2022-06-01 11:52:37,935 signals 34 140518734874432 Сообщение id 182 обновлено
INFO 2022-06-01 11:52:37,939 services 34 140518734874432 Сообщение id 182 - статус изменен на success
INFO 2022-06-01 11:52:37,970 signals 35 140518734874432 Сообщение id 183 обновлено
INFO 2022-06-01 11:52:37,995 services 35 140518734874432 Сообщение id 183 - статус изменен на success
INFO 2022-06-01 11:52:38,017 tasks 34 140518734874432 Сообщение 184 - готовится к отправке
INFO 2022-06-01 11:52:38,059 services 34 140518734874432 Сообщение id 184 готово к отправке
INFO 2022-06-01 11:52:38,150 tasks 35 140518734874432 Сообщение 185 - готовится к отправке
INFO 2022-06-01 11:52:38,251 services 35 140518734874432 Сообщение id 185 готово к отправке
INFO 2022-06-01 11:52:38,413 signals 34 140518734874432 Сообщение id 184 обновлено
INFO 2022-06-01 11:52:38,422 services 34 140518734874432 Сообщение id 184 - статус изменен на success
INFO 2022-06-01 11:52:38,605 signals 35 140518734874432 Сообщение id 185 обновлено
INFO 2022-06-01 11:52:38,613 services 35 140518734874432 Сообщение id 185 - статус изменен на success
INFO 2022-06-01 11:52:48,065 tasks 35 140518734874432 Сообщение 182 - готовится к отправке
INFO 2022-06-01 11:52:48,066 tasks 34 140518734874432 Сообщение 183 - готовится к отправке
INFO 2022-06-01 11:52:48,145 services 35 140518734874432 Сообщение id 182 готово к отправке
INFO 2022-06-01 11:52:48,161 services 34 140518734874432 Сообщение id 183 готово к отправке
INFO 2022-06-01 11:52:48,407 signals 35 140518734874432 Сообщение id 182 обновлено
INFO 2022-06-01 11:52:48,415 services 35 140518734874432 Сообщение id 182 - статус изменен на success
INFO 2022-06-01 11:52:48,445 tasks 35 140518734874432 Сообщение 184 - готовится к отправке
INFO 2022-06-01 11:52:48,453 signals 34 140518734874432 Сообщение id 183 обновлено
INFO 2022-06-01 11:52:48,457 services 34 140518734874432 Сообщение id 183 - статус изменен на success
INFO 2022-06-01 11:52:48,495 services 35 140518734874432 Сообщение id 184 готово к отправке
INFO 2022-06-01 11:52:48,807 signals 35 140518734874432 Сообщение id 184 обновлено
INFO 2022-06-01 11:52:48,831 services 35 140518734874432 Сообщение id 184 - статус изменен на success
INFO 2022-06-01 11:52:48,867 tasks 34 140518734874432 Сообщение 185 - готовится к отправке
INFO 2022-06-01 11:52:48,957 services 34 140518734874432 Сообщение id 185 готово к отправке
INFO 2022-06-01 11:52:49,229 signals 34 140518734874432 Сообщение id 185 обновлено
INFO 2022-06-01 11:52:49,238 services 34 140518734874432 Сообщение id 185 - статус изменен на success
INFO 2022-06-01 11:52:58,470 tasks 35 140518734874432 Сообщение 182 - готовится к отправке
INFO 2022-06-01 11:52:58,471 tasks 34 140518734874432 Сообщение 183 - готовится к отправке
INFO 2022-06-01 11:52:59,180 services 34 140518734874432 Сообщение id 183 готово к отправке
INFO 2022-06-01 11:52:59,318 services 35 140518734874432 Сообщение id 182 готово к отправке
INFO 2022-06-01 11:52:59,711 signals 34 140518734874432 Сообщение id 183 обновлено
INFO 2022-06-01 11:52:59,716 services 34 140518734874432 Сообщение id 183 - статус изменен на success
INFO 2022-06-01 11:52:59,827 signals 35 140518734874432 Сообщение id 182 обновлено
INFO 2022-06-01 11:52:59,836 services 35 140518734874432 Сообщение id 182 - статус изменен на success
INFO 2022-06-01 11:52:59,952 tasks 35 140518734874432 Сообщение 184 - готовится к отправке
INFO 2022-06-01 11:52:59,959 tasks 34 140518734874432 Сообщение 185 - готовится к отправке
INFO 2022-06-01 11:53:00,093 services 35 140518734874432 Сообщение id 184 готово к отправке
INFO 2022-06-01 11:53:00,128 services 34 140518734874432 Сообщение id 185 готово к отправке
INFO 2022-06-01 11:53:00,666 signals 35 140518734874432 Сообщение id 184 обновлено
INFO 2022-06-01 11:53:00,672 services 35 140518734874432 Сообщение id 184 - статус изменен на success
INFO 2022-06-01 11:53:00,711 signals 34 140518734874432 Сообщение id 185 обновлено
INFO 2022-06-01 11:53:00,725 services 34 140518734874432 Сообщение id 185 - статус изменен на success
INFO 2022-06-01 11:53:09,881 tasks 35 140518734874432 Сообщение 183 - готовится к отправке
INFO 2022-06-01 11:53:09,884 tasks 34 140518734874432 Сообщение 182 - готовится к отправке
INFO 2022-06-01 11:53:09,913 services 35 140518734874432 Сообщение id 183 готово к отправке
INFO 2022-06-01 11:53:09,924 services 34 140518734874432 Сообщение id 182 готово к отправке
INFO 2022-06-01 11:53:10,129 signals 35 140518734874432 Сообщение id 183 обновлено
INFO 2022-06-01 11:53:10,132 services 35 140518734874432 Сообщение id 183 - статус изменен на success
INFO 2022-06-01 11:53:10,156 signals 34 140518734874432 Сообщение id 182 обновлено
INFO 2022-06-01 11:53:10,160 services 34 140518734874432 Сообщение id 182 - статус изменен на success
INFO 2022-06-01 11:53:10,732 tasks 35 140518734874432 Сообщение 184 - готовится к отправке
INFO 2022-06-01 11:53:10,736 tasks 34 140518734874432 Сообщение 185 - готовится к отправке
INFO 2022-06-01 11:53:10,792 services 34 140518734874432 Сообщение id 185 готово к отправке
INFO 2022-06-01 11:53:10,825 services 35 140518734874432 Сообщение id 184 готово к отправке
INFO 2022-06-01 11:53:11,104 signals 35 140518734874432 Сообщение id 184 обновлено
INFO 2022-06-01 11:53:11,112 services 35 140518734874432 Сообщение id 184 - статус изменен на success
INFO 2022-06-01 11:53:11,110 signals 34 140518734874432 Сообщение id 185 обновлено
INFO 2022-06-01 11:53:11,125 services 34 140518734874432 Сообщение id 185 - статус изменен на success
INFO 2022-06-01 11:56:08,356 signals 249 140404716287744 Расылка id 119 создана
INFO 2022-06-01 11:56:08,369 signals 249 140404716287744 Задача с рассылкой 119 поставлена
INFO 2022-06-01 11:56:08,592 tasks 40 140073392719680 Задача с рассылкой id 119 запущена
INFO 2022-06-01 11:56:08,599 tasks 40 140073392719680 Начинаем создание сообщений рассылки id 119
INFO 2022-06-01 11:56:08,736 services 40 140073392719680 Рассылка id 119 - Создаем сообщения
INFO 2022-06-01 11:56:08,792 signals 40 140073392719680 Сообщение id 186 создано
INFO 2022-06-01 11:56:08,813 signals 40 140073392719680 Сообщение id 187 создано
INFO 2022-06-01 11:56:08,836 signals 40 140073392719680 Сообщение id 188 создано
INFO 2022-06-01 11:56:08,848 signals 40 140073392719680 Сообщение id 189 создано
INFO 2022-06-01 11:56:08,859 services 40 140073392719680 Рассылка id 119 - Создание сообщений завершено
INFO 2022-06-01 11:56:08,906 tasks 40 140073392719680 Ставим задачи на отправку сообщений <QuerySet [<Message: 186-Рассылка №103 (2022-06-01 08:55:56+00:00-2022-06-01 15:00:00+00:00)-79101200020 [sending]>, <Message: 187-Рассылка №103 (2022-06-01 08:55:56+00:00-2022-06-01 15:00:00+00:00)-79998887766 [sending]>, <Message: 188-Рассылка №103 (2022-06-01 08:55:56+00:00-2022-06-01 15:00:00+00:00)-79998887762 [sending]>, <Message: 189-Рассылка №103 (2022-06-01 08:55:56+00:00-2022-06-01 15:00:00+00:00)-79998887763 [sending]>]>
INFO 2022-06-01 11:56:08,977 tasks 40 140073392719680 Задача с рассылкой id 119 завершена
INFO 2022-06-01 11:56:08,980 tasks 39 140073392719680 Сообщение 186 - готовится к отправке
INFO 2022-06-01 11:56:09,048 tasks 40 140073392719680 Сообщение 187 - готовится к отправке
INFO 2022-06-01 11:56:09,081 services 39 140073392719680 Сообщение id 186 готово к отправке
INFO 2022-06-01 11:56:09,105 services 40 140073392719680 Сообщение id 187 готово к отправке
INFO 2022-06-01 11:56:09,406 signals 39 140073392719680 Сообщение id 186 обновлено
INFO 2022-06-01 11:56:09,412 services 39 140073392719680 Сообщение id 186 - статус изменен на success
INFO 2022-06-01 11:56:09,425 tasks 39 140073392719680 Сообщение 186 отправлено. Ответ API отправки: 200 ({"code":0,"message":"OK"})
INFO 2022-06-01 11:56:09,462 tasks 39 140073392719680 Сообщение 188 - готовится к отправке
INFO 2022-06-01 11:56:09,603 services 39 140073392719680 Сообщение id 188 готово к отправке
INFO 2022-06-01 11:56:09,530 signals 40 140073392719680 Сообщение id 187 обновлено
INFO 2022-06-01 11:56:09,972 services 40 140073392719680 Сообщение id 187 - статус изменен на success
INFO 2022-06-01 11:56:09,995 tasks 40 140073392719680 Сообщение 187 отправлено. Ответ API отправки: 200 ({"code":0,"message":"OK"})
INFO 2022-06-01 11:56:10,078 tasks 40 140073392719680 Сообщение 189 - готовится к отправке
INFO 2022-06-01 11:56:10,194 services 40 140073392719680 Сообщение id 189 готово к отправке
INFO 2022-06-01 11:56:10,298 signals 39 140073392719680 Сообщение id 188 обновлено
INFO 2022-06-01 11:56:10,305 services 39 140073392719680 Сообщение id 188 - статус изменен на success
INFO 2022-06-01 11:56:10,316 tasks 39 140073392719680 Сообщение 188 отправлено. Ответ API отправки: 200 ({"code":0,"message":"OK"})
INFO 2022-06-01 11:56:10,456 signals 40 140073392719680 Сообщение id 189 обновлено
INFO 2022-06-01 11:56:10,462 services 40 140073392719680 Сообщение id 189 - статус изменен на success
INFO 2022-06-01 11:56:10,467 tasks 40 140073392719680 Сообщение 189 отправлено. Ответ API отправки: 200 ({"code":0,"message":"OK"})
INFO 2022-06-01 11:59:57,822 signals 249 140404225734400 Клиент id 7 создан
